Using pre-set license
Built from '2022.3/release' branch; Version is '2022.3.5f1 (9674261d40ee) revision 9860134'; Using compiler version '192829333'; Build Type 'Release'
OS: 'Windows 10  (10.0.19045) 64bit Professional' Language: 'es' Physical Memory: 8129 MB
BatchMode: 1, IsHumanControllingUs: 0, StartBugReporterOnCrash: 0, Is64bit: 1, IsPro: 1

COMMAND LINE ARGUMENTS:
C:\Program Files\Unity\Hub\Editor\2022.3.5f1\Editor\Unity.exe
-adb2
-batchMode
-noUpm
-name
AssetImportWorker0
-projectPath
C:/Users/Alumne/Downloads/JuegoDV
-logFile
Logs/AssetImportWorker0.log
-srvPort
51058
Successfully changed project path to: C:/Users/Alumne/Downloads/JuegoDV
C:/Users/Alumne/Downloads/JuegoDV
[UnityMemory] Configuration Parameters - Can be set up in boot.config
    "memorysetup-bucket-allocator-granularity=16"
    "memorysetup-bucket-allocator-bucket-count=8"
    "memorysetup-bucket-allocator-block-size=33554432"
    "memorysetup-bucket-allocator-block-count=8"
    "memorysetup-main-allocator-block-size=16777216"
    "memorysetup-thread-allocator-block-size=16777216"
    "memorysetup-gfx-main-allocator-block-size=16777216"
    "memorysetup-gfx-thread-allocator-block-size=16777216"
    "memorysetup-cache-allocator-block-size=4194304"
    "memorysetup-typetree-allocator-block-size=2097152"
    "memorysetup-profiler-bucket-allocator-granularity=16"
    "memorysetup-profiler-bucket-allocator-bucket-count=8"
    "memorysetup-profiler-bucket-allocator-block-size=33554432"
    "memorysetup-profiler-bucket-allocator-block-count=8"
    "memorysetup-profiler-allocator-block-size=16777216"
    "memorysetup-profiler-editor-allocator-block-size=1048576"
    "memorysetup-temp-allocator-size-main=16777216"
    "memorysetup-job-temp-allocator-block-size=2097152"
    "memorysetup-job-temp-allocator-block-size-background=1048576"
    "memorysetup-job-temp-allocator-reduction-small-platforms=262144"
    "memorysetup-allocator-temp-initial-block-size-main=262144"
    "memorysetup-allocator-temp-initial-block-size-worker=262144"
    "memorysetup-temp-allocator-size-background-worker=32768"
    "memorysetup-temp-allocator-size-job-worker=262144"
    "memorysetup-temp-allocator-size-preload-manager=33554432"
    "memorysetup-temp-allocator-size-nav-mesh-worker=65536"
    "memorysetup-temp-allocator-size-audio-worker=65536"
    "memorysetup-temp-allocator-size-cloud-worker=32768"
    "memorysetup-temp-allocator-size-gi-baking-worker=262144"
    "memorysetup-temp-allocator-size-gfx=262144"
Player connection [12528] Host "[IP] 192.168.1.122 [Port] 0 [Flags] 2 [Guid] 2883454266 [EditorId] 2883454266 [Version] 1048832 [Id] WindowsEditor(7,DESKTOP-V0T288E) [Debug] 1 [PackageName] WindowsEditor [ProjectName] Editor" joined multi-casting on [225.0.0.222:54997]...

Player connection [12528] Host "[IP] 192.168.1.122 [Port] 0 [Flags] 2 [Guid] 2883454266 [EditorId] 2883454266 [Version] 1048832 [Id] WindowsEditor(7,DESKTOP-V0T288E) [Debug] 1 [PackageName] WindowsEditor [ProjectName] Editor" joined alternative multi-casting on [225.0.0.222:34997]...

Refreshing native plugins compatible for Editor in 1704.50 ms, found 4 plugins.
Preloading 0 native plugins for Editor in 0.00 ms.
Initialize engine version: 2022.3.5f1 (9674261d40ee)
[Subsystems] Discovering subsystems at path C:/Program Files/Unity/Hub/Editor/2022.3.5f1/Editor/Data/Resources/UnitySubsystems
[Subsystems] Discovering subsystems at path C:/Users/Alumne/Downloads/JuegoDV/Assets
GfxDevice: creating device client; threaded=0; jobified=0
Direct3D:
    Version:  Direct3D 11.0 [level 11.1]
    Renderer: NVIDIA GeForce GTX 1050 (ID=0x1c81)
    Vendor:   NVIDIA
    VRAM:     1976 MB
    Driver:   31.0.15.3623
Initialize mono
Mono path[0] = 'C:/Program Files/Unity/Hub/Editor/2022.3.5f1/Editor/Data/Managed'
Mono path[1] = 'C:/Program Files/Unity/Hub/Editor/2022.3.5f1/Editor/Data/MonoBleedingEdge/lib/mono/unityjit-win32'
Mono config path = 'C:/Program Files/Unity/Hub/Editor/2022.3.5f1/Editor/Data/MonoBleedingEdge/etc'
Using monoOptions --debugger-agent=transport=dt_socket,embedding=1,server=y,suspend=n,address=127.0.0.1:56088
Begin MonoManager ReloadAssembly
Registering precompiled unity dll's ...
Register platform support module: C:/Program Files/Unity/Hub/Editor/2022.3.5f1/Editor/Data/PlaybackEngines/WindowsStandaloneSupport/UnityEditor.WindowsStandalone.Extensions.dll
Registered in 0.159395 seconds.
- Loaded All Assemblies, in  7.352 seconds
Native extension for WindowsStandalone target not found
Mono: successfully reloaded assembly
- Finished resetting the current domain, in  0.418 seconds
Domain Reload Profiling: 7768ms
	BeginReloadAssembly (5154ms)
		ExecutionOrderSort (0ms)
		DisableScriptedObjects (0ms)
		BackupInstance (0ms)
		ReleaseScriptingObjects (0ms)
		CreateAndSetChildDomain (1ms)
	RebuildCommonClasses (602ms)
	RebuildNativeTypeToScriptingClass (18ms)
	initialDomainReloadingComplete (238ms)
	LoadAllAssembliesAndSetupDomain (1338ms)
		LoadAssemblies (5151ms)
		RebuildTransferFunctionScriptingTraits (0ms)
		AnalyzeDomain (1329ms)
			TypeCache.Refresh (1328ms)
				TypeCache.ScanAssembly (948ms)
			ScanForSourceGeneratedMonoScriptInfo (1ms)
			ResolveRequiredComponents (1ms)
	FinalizeReload (418ms)
		ReleaseScriptCaches (0ms)
		RebuildScriptCaches (0ms)
		SetupLoadedEditorAssemblies (326ms)
			LogAssemblyErrors (0ms)
			InitializePlatformSupportModulesInManaged (16ms)
			SetLoadedEditorAssemblies (12ms)
			RefreshPlugins (0ms)
			BeforeProcessingInitializeOnLoad (3ms)
			ProcessInitializeOnLoadAttributes (216ms)
			ProcessInitializeOnLoadMethodAttributes (79ms)
			AfterProcessingInitializeOnLoad (0ms)
			EditorAssembliesLoaded (0ms)
		ExecutionOrderSort2 (0ms)
		AwakeInstancesAfterBackupRestoration (0ms)
========================================================================
Worker process is ready to serve import requests
Begin MonoManager ReloadAssembly
Symbol file LoadedFromMemory doesn't match image C:\Users\Alumne\Downloads\JuegoDV\Library\PackageCache\com.unity.visualscripting@1.8.0\Editor\VisualScripting.Core\Dependencies\YamlDotNet\Unity.VisualScripting.YamlDotNet.dll
Symbol file LoadedFromMemory doesn't match image C:\Users\Alumne\Downloads\JuegoDV\Library\PackageCache\com.unity.visualscripting@1.8.0\Editor\VisualScripting.Core\Dependencies\DotNetZip\Unity.VisualScripting.IonicZip.dll
- Loaded All Assemblies, in  8.138 seconds
Refreshing native plugins compatible for Editor in 6.32 ms, found 4 plugins.
Native extension for WindowsStandalone target not found
Mono: successfully reloaded assembly
- Finished resetting the current domain, in  0.694 seconds
Domain Reload Profiling: 8827ms
	BeginReloadAssembly (163ms)
		ExecutionOrderSort (0ms)
		DisableScriptedObjects (7ms)
		BackupInstance (0ms)
		ReleaseScriptingObjects (0ms)
		CreateAndSetChildDomain (24ms)
	RebuildCommonClasses (43ms)
	RebuildNativeTypeToScriptingClass (15ms)
	initialDomainReloadingComplete (56ms)
	LoadAllAssembliesAndSetupDomain (7855ms)
		LoadAssemblies (7264ms)
		RebuildTransferFunctionScriptingTraits (0ms)
		AnalyzeDomain (667ms)
			TypeCache.Refresh (630ms)
				TypeCache.ScanAssembly (562ms)
			ScanForSourceGeneratedMonoScriptInfo (31ms)
			ResolveRequiredComponents (6ms)
	FinalizeReload (694ms)
		ReleaseScriptCaches (0ms)
		RebuildScriptCaches (0ms)
		SetupLoadedEditorAssemblies (500ms)
			LogAssemblyErrors (0ms)
			InitializePlatformSupportModulesInManaged (8ms)
			SetLoadedEditorAssemblies (5ms)
			RefreshPlugins (0ms)
			BeforeProcessingInitializeOnLoad (91ms)
			ProcessInitializeOnLoadAttributes (342ms)
			ProcessInitializeOnLoadMethodAttributes (44ms)
			AfterProcessingInitializeOnLoad (10ms)
			EditorAssembliesLoaded (1ms)
		ExecutionOrderSort2 (0ms)
		AwakeInstancesAfterBackupRestoration (9ms)
Launched and connected shader compiler UnityShaderCompiler.exe after 0.06 seconds
Refreshing native plugins compatible for Editor in 6.01 ms, found 4 plugins.
Preloading 0 native plugins for Editor in 0.00 ms.
Unloading 3999 Unused Serialized files (Serialized files now loaded: 0)
Unloading 69 unused Assets / (244.7 KB). Loaded Objects now: 4457.
Memory consumption went from 139.2 MB to 138.9 MB.
Total: 3.734800 ms (FindLiveObjects: 0.339500 ms CreateObjectMapping: 0.307800 ms MarkObjects: 2.865200 ms  DeleteObjects: 0.221300 ms)

AssetImportParameters requested are different than current active one (requested -> active):
  custom:container-demuxer-ogg: 62fdf1f143b41e24485cea50d1cbac27 -> 
  custom:video-decoder-ogg-theora: a1e56fd34408186e4bbccfd4996cb3dc -> 
  custom:framework-win-MediaFoundation: 216162199b28c13a410421893ffa2e32 -> 
  custom:CustomObjectIndexerAttribute: 756ad292c208cfabdd7b50bc23989ffe -> 
  custom:container-demuxer-webm: 4f35f7cbe854078d1ac9338744f61a02 -> 
  custom:container-muxer-webm: aa71ff27fc2769a1b78a27578f13a17b -> 
  custom:video-decoder-webm-vp8: 9c59270c3fd7afecdb556c50c9e8de78 -> 
  custom:AudioImporter_EditorPlatform: d09bf68614088b80899f8185d706f6e7 -> 
  custom:video-encoder-webm-vp8: eb34c28f22e8b96e1ab97ce403110664 -> 
  custom:audio-decoder-ogg-vorbis: bf7c407c2cedff20999df2af8eb42d56 -> 
  custom:audio-encoder-webm-vorbis: bf7c407c2cedff20999df2af8eb42d56 -> 
========================================================================
Received Import Request.
  Time since last request: 1522.683040 seconds.
  path: Assets/Scrips/trampas.png
  artifactKey: Guid(ecde2db439a737c4d9cf694d651df9ea) Importer(815301076,1909f56bfc062723c751e8b465ee728b)
Start importing Assets/Scrips/trampas.png using Guid(ecde2db439a737c4d9cf694d651df9ea) Importer(815301076,1909f56bfc062723c751e8b465ee728b)  -> (artifact id: '4d9de9f5502b07a3a5d58db3b60bfa2b') in 0.117441 seconds
Number of updated asset objects reloaded before import = 0
Number of asset objects unloaded after import = 3
========================================================================
Received Import Request.
  Time since last request: 0.000062 seconds.
  path: Assets/Scrips/personaje.png
  artifactKey: Guid(c3f6fcf4cf9edb0478e7ecb0733d5a6b) Importer(815301076,1909f56bfc062723c751e8b465ee728b)
Start importing Assets/Scrips/personaje.png using Guid(c3f6fcf4cf9edb0478e7ecb0733d5a6b) Importer(815301076,1909f56bfc062723c751e8b465ee728b)  -> (artifact id: '395be9e9a2ff9c14d54a28f24c1fd54b') in 0.035505 seconds
Number of updated asset objects reloaded before import = 0
Number of asset objects unloaded after import = 3
========================================================================
Received Import Request.
  Time since last request: 0.000065 seconds.
  path: Assets/Scrips/Assets.png
  artifactKey: Guid(5bf8907eaab6d614f9b023fd20425fdf) Importer(815301076,1909f56bfc062723c751e8b465ee728b)
Start importing Assets/Scrips/Assets.png using Guid(5bf8907eaab6d614f9b023fd20425fdf) Importer(815301076,1909f56bfc062723c751e8b465ee728b)  -> (artifact id: 'adb22fb647779a595c3ff0c7f3fdd723') in 0.029250 seconds
Number of updated asset objects reloaded before import = 0
Number of asset objects unloaded after import = 3
========================================================================
Received Import Request.
  Time since last request: 0.000016 seconds.
  path: Assets/Scrips
  artifactKey: Guid(f8cd286f6afd4a4478f0d6aba3ce9de1) Importer(815301076,1909f56bfc062723c751e8b465ee728b)
Start importing Assets/Scrips using Guid(f8cd286f6afd4a4478f0d6aba3ce9de1) Importer(815301076,1909f56bfc062723c751e8b465ee728b)  -> (artifact id: '894eeda9835ab9cae64727bf2bdd102d') in 0.000429 seconds
Number of updated asset objects reloaded before import = 0
Number of asset objects unloaded after import = 0
========================================================================
Received Import Request.
  Time since last request: 0.000019 seconds.
  path: Assets/Scrips/cueva.png
  artifactKey: Guid(02ef7b75e96ef6a479c981f8cfe5f965) Importer(815301076,1909f56bfc062723c751e8b465ee728b)
Start importing Assets/Scrips/cueva.png using Guid(02ef7b75e96ef6a479c981f8cfe5f965) Importer(815301076,1909f56bfc062723c751e8b465ee728b)  -> (artifact id: '9b99a6374e12959de060b4f9fe0a1526') in 0.026590 seconds
Number of updated asset objects reloaded before import = 0
Number of asset objects unloaded after import = 3
========================================================================
Received Import Request.
  Time since last request: 0.000019 seconds.
  path: Assets/Scrips/cementerio.png
  artifactKey: Guid(9db7e375674fafd409c9ffdfbde2a052) Importer(815301076,1909f56bfc062723c751e8b465ee728b)
Start importing Assets/Scrips/cementerio.png using Guid(9db7e375674fafd409c9ffdfbde2a052) Importer(815301076,1909f56bfc062723c751e8b465ee728b)  -> (artifact id: 'ba28cde28ea4d73ce529c0b613394d53') in 0.025054 seconds
Number of updated asset objects reloaded before import = 0
Number of asset objects unloaded after import = 3
========================================================================
Received Import Request.
  Time since last request: 0.000022 seconds.
  path: Assets/Scrips/Ojo boss.png
  artifactKey: Guid(6e8603a7a35eb504c91d02e5e8d705b5) Importer(815301076,1909f56bfc062723c751e8b465ee728b)
Start importing Assets/Scrips/Ojo boss.png using Guid(6e8603a7a35eb504c91d02e5e8d705b5) Importer(815301076,1909f56bfc062723c751e8b465ee728b)  -> (artifact id: 'b961672eb96528e8dbf9ef8bd1859d36') in 0.029996 seconds
Number of updated asset objects reloaded before import = 0
Number of asset objects unloaded after import = 3
========================================================================
Received Import Request.
  Time since last request: 0.000079 seconds.
  path: Assets/Scrips/terreno.png
  artifactKey: Guid(b3bf751e6e29d68459398fcb036af2a7) Importer(815301076,1909f56bfc062723c751e8b465ee728b)
Start importing Assets/Scrips/terreno.png using Guid(b3bf751e6e29d68459398fcb036af2a7) Importer(815301076,1909f56bfc062723c751e8b465ee728b)  -> (artifact id: '709cbdc23172917b69b279eefdfff949') in 0.025326 seconds
Number of updated asset objects reloaded before import = 0
Number of asset objects unloaded after import = 3
========================================================================
Received Import Request.
  Time since last request: 107.492490 seconds.
  path: Assets/Scrips/personaje.png
  artifactKey: Guid(c3f6fcf4cf9edb0478e7ecb0733d5a6b) Importer(815301076,1909f56bfc062723c751e8b465ee728b)
Start importing Assets/Scrips/personaje.png using Guid(c3f6fcf4cf9edb0478e7ecb0733d5a6b) Importer(815301076,1909f56bfc062723c751e8b465ee728b)  -> (artifact id: '365cd4368fc74ec89bfea6f50826301b') in 0.026362 seconds
Number of updated asset objects reloaded before import = 0
Number of asset objects unloaded after import = 2
========================================================================
Received Import Request.
  Time since last request: 99.224663 seconds.
  path: Assets/Scrips/personaje.png
  artifactKey: Guid(c3f6fcf4cf9edb0478e7ecb0733d5a6b) Importer(815301076,1909f56bfc062723c751e8b465ee728b)
Start importing Assets/Scrips/personaje.png using Guid(c3f6fcf4cf9edb0478e7ecb0733d5a6b) Importer(815301076,1909f56bfc062723c751e8b465ee728b)  -> (artifact id: '6628ed673f27e59f9ec1a0a6c053ea90') in 0.227628 seconds
Number of updated asset objects reloaded before import = 0
Number of asset objects unloaded after import = 39
========================================================================
Received Import Request.
  Time since last request: 155.961669 seconds.
  path: Assets/Scrips/cementerio.png
  artifactKey: Guid(9db7e375674fafd409c9ffdfbde2a052) Importer(815301076,1909f56bfc062723c751e8b465ee728b)
Start importing Assets/Scrips/cementerio.png using Guid(9db7e375674fafd409c9ffdfbde2a052) Importer(815301076,1909f56bfc062723c751e8b465ee728b)  -> (artifact id: 'c26070854721ffc69b35ed1c422880a1') in 0.030561 seconds
Number of updated asset objects reloaded before import = 0
Number of asset objects unloaded after import = 2
========================================================================
Received Import Request.
  Time since last request: 434.586561 seconds.
  path: Assets/Scrips/cueva1.jpg.png
  artifactKey: Guid(4209068031035f145b3965fb35ad7fdb) Importer(815301076,1909f56bfc062723c751e8b465ee728b)
Start importing Assets/Scrips/cueva1.jpg.png using Guid(4209068031035f145b3965fb35ad7fdb) Importer(815301076,1909f56bfc062723c751e8b465ee728b)  -> (artifact id: '13bfd00361e23bb44d4ac9211a379a9b') in 0.031754 seconds
Number of updated asset objects reloaded before import = 0
Number of asset objects unloaded after import = 3
========================================================================
Received Import Request.
  Time since last request: 0.000103 seconds.
  path: Assets/Scrips/cueva3.jpg.png
  artifactKey: Guid(219790197b259994bbd46a4a37774fff) Importer(815301076,1909f56bfc062723c751e8b465ee728b)
Start importing Assets/Scrips/cueva3.jpg.png using Guid(219790197b259994bbd46a4a37774fff) Importer(815301076,1909f56bfc062723c751e8b465ee728b)  -> (artifact id: '5cca1c85d9b64f94a917052336aa4f63') in 0.030347 seconds
Number of updated asset objects reloaded before import = 0
Number of asset objects unloaded after import = 3
========================================================================
Received Import Request.
  Time since last request: 0.000025 seconds.
  path: Assets/Scrips/cueva4.jpg.png
  artifactKey: Guid(e3f59c677f6813a4ca6344b05bfb0c0d) Importer(815301076,1909f56bfc062723c751e8b465ee728b)
Start importing Assets/Scrips/cueva4.jpg.png using Guid(e3f59c677f6813a4ca6344b05bfb0c0d) Importer(815301076,1909f56bfc062723c751e8b465ee728b)  -> (artifact id: '175f484597f828e1ffaaf144f573b1e8') in 0.029964 seconds
Number of updated asset objects reloaded before import = 0
Number of asset objects unloaded after import = 3
========================================================================
Received Import Request.
  Time since last request: 0.000031 seconds.
  path: Assets/Scrips/cueva2.jpg.png
  artifactKey: Guid(6ead608596170ce4f83562892e1a192b) Importer(815301076,1909f56bfc062723c751e8b465ee728b)
Start importing Assets/Scrips/cueva2.jpg.png using Guid(6ead608596170ce4f83562892e1a192b) Importer(815301076,1909f56bfc062723c751e8b465ee728b)  -> (artifact id: 'b998722e94dbb18f3be5660afbe86966') in 0.030316 seconds
Number of updated asset objects reloaded before import = 0
Number of asset objects unloaded after import = 3
========================================================================
Received Import Request.
  Time since last request: 444.868654 seconds.
  path: Assets
  artifactKey: Guid(00000000000000001000000000000000) Importer(815301076,1909f56bfc062723c751e8b465ee728b)
Start importing Assets using Guid(00000000000000001000000000000000) Importer(815301076,1909f56bfc062723c751e8b465ee728b)  -> (artifact id: '8a4fe85251aa2e89732c359432baa2c3') in 0.001838 seconds
Number of updated asset objects reloaded before import = 0
Number of asset objects unloaded after import = 0
========================================================================
Received Import Request.
  Time since last request: 8.867064 seconds.
  path: Assets/Animations
  artifactKey: Guid(e50d33b2af07bfd438e517235fbbcae7) Importer(815301076,1909f56bfc062723c751e8b465ee728b)
Start importing Assets/Animations using Guid(e50d33b2af07bfd438e517235fbbcae7) Importer(815301076,1909f56bfc062723c751e8b465ee728b)  -> (artifact id: '5d6b5fb2f486e428ebae22470fdc2d96') in 0.000762 seconds
Number of updated asset objects reloaded before import = 0
Number of asset objects unloaded after import = 0
